<?xml version="1.0" encoding="UTF-8"?>
<testsuite name="test12"
           tests="4"
           failures="3"
           errors="0"
           skipped="0"
           time="373.486">
  <properties />
            <testcase name="test02_createbid" time="239.569" classname="testcase.CreateMarginBid_02">
                <failure type="org.openqa.selenium.NoSuchElementException"
                  message="no such element: Unable to locate element: {&quot;method&quot;:&quot;xpath&quot;,&quot;selector&quot;:&quot;/html/body/table/tbody/tr/td/div[2]/form/input[1]&quot;}
  (Session info: chrome=81.0.4044.122)
For documentation on this error, please visit: http://seleniumhq.org/exceptions/no_such_element.html
Build info: version: &apos;3.11.0&apos;, revision: &apos;e59cfb3&apos;, time: &apos;2018-03-11T20:26:55.152Z&apos;
System info: host: &apos;DESKTOP-SPO73RG&apos;, ip: &apos;172.18.18.220&apos;, os.name: &apos;Windows 10&apos;, os.arch: &apos;amd64&apos;, os.version: &apos;10.0&apos;, java.version: &apos;1.8.0_121&apos;
Driver info: org.openqa.selenium.chrome.ChromeDriver
Capabilities [{networkConnectionEnabled=false, chrome={chromedriverVersion=81.0.4044.69 (6813546031a4bc83f717a2ef7cd4ac6ec1199132-refs/branch-heads/4044@{#776}), userDataDir=C:\Windows\TEMP\scoped_dir25296_433095776}, timeouts={implicit=0, pageLoad=300000, script=30000}, pageLoadStrategy=normal, unhandledPromptBehavior=dismiss and notify, strictFileInteractability=false, platform=XP, proxy=Proxy(), goog:chromeOptions={debuggerAddress=localhost:37231}, acceptInsecureCerts=false, browserVersion=81.0.4044.122, browserName=chrome, javascriptEnabled=true, platformName=XP, setWindowRect=true, webauthn:virtualAuthenticators=true}]
Session ID: a82687ab75aed5d610c4d94405f37872
*** Element info: {Using=xpath, value=/html/body/table/tbody/tr/td/div[2]/form/input[1]}"
              >
<![CDATA[org.openqa.selenium.NoSuchElementException: no such element: Unable to locate element: {"method":"xpath","selector":"/html/body/table/tbody/tr/td/div[2]/form/input[1]"}
  (Session info: chrome=81.0.4044.122)
For documentation on this error, please visit: http://seleniumhq.org/exceptions/no_such_element.html
Build info: version: '3.11.0', revision: 'e59cfb3', time: '2018-03-11T20:26:55.152Z'
System info: host: 'DESKTOP-SPO73RG', ip: '172.18.18.220', os.name: 'Windows 10', os.arch: 'amd64', os.version: '10.0', java.version: '1.8.0_121'
Driver info: org.openqa.selenium.chrome.ChromeDriver
Capabilities [{networkConnectionEnabled=false, chrome={chromedriverVersion=81.0.4044.69 (6813546031a4bc83f717a2ef7cd4ac6ec1199132-refs/branch-heads/4044@{#776}), userDataDir=C:\Windows\TEMP\scoped_dir25296_433095776}, timeouts={implicit=0, pageLoad=300000, script=30000}, pageLoadStrategy=normal, unhandledPromptBehavior=dismiss and notify, strictFileInteractability=false, platform=XP, proxy=Proxy(), goog:chromeOptions={debuggerAddress=localhost:37231}, acceptInsecureCerts=false, browserVersion=81.0.4044.122, browserName=chrome, javascriptEnabled=true, platformName=XP, setWindowRect=true, webauthn:virtualAuthenticators=true}]
Session ID: a82687ab75aed5d610c4d94405f37872
*** Element info: {Using=xpath, value=/html/body/table/tbody/tr/td/div[2]/form/input[1]}
  sun.reflect.NativeConstructorAccessorImpl.newInstance0(Native Method)
  sun.reflect.NativeConstructorAccessorImpl.newInstance(NativeConstructorAccessorImpl.java:62)
  sun.reflect.DelegatingConstructorAccessorImpl.newInstance(DelegatingConstructorAccessorImpl.java:45)
  java.lang.reflect.Constructor.newInstance(Constructor.java:423)
  org.openqa.selenium.remote.http.W3CHttpResponseCodec.createException(W3CHttpResponseCodec.java:185)
  org.openqa.selenium.remote.http.W3CHttpResponseCodec.decode(W3CHttpResponseCodec.java:120)
  org.openqa.selenium.remote.http.W3CHttpResponseCodec.decode(W3CHttpResponseCodec.java:49)
  org.openqa.selenium.remote.HttpCommandExecutor.execute(HttpCommandExecutor.java:164)
  org.openqa.selenium.remote.service.DriverCommandExecutor.execute(DriverCommandExecutor.java:82)
  org.openqa.selenium.remote.RemoteWebDriver.execute(RemoteWebDriver.java:646)
  org.openqa.selenium.remote.RemoteWebDriver.findElement(RemoteWebDriver.java:416)
  org.openqa.selenium.remote.RemoteWebDriver.findElementByXPath(RemoteWebDriver.java:518)
  org.openqa.selenium.By$ByXPath.findElement(By.java:361)
  org.openqa.selenium.remote.RemoteWebDriver.findElement(RemoteWebDriver.java:408)
  org.openqa.selenium.support.pagefactory.DefaultElementLocator.findElement(DefaultElementLocator.java:69)
  org.openqa.selenium.support.pagefactory.internal.LocatingElementHandler.invoke(LocatingElementHandler.java:38)
  com.sun.proxy.$Proxy5.click(Unknown Source)
  pagefactory.Create_MarginorderFactory.setSure(Create_MarginorderFactory.java:439)
  pageobject.CreateMarginBidObject.CreateMarginBid1(CreateMarginBidObject.java:107)
  testcase.CreateMarginBid_02.test02_createbid(CreateMarginBid_02.java:71)
  sun.reflect.NativeMethodAccessorImpl.invoke0(Native Method)
  sun.reflect.NativeMethodAccessorImpl.invoke(NativeMethodAccessorImpl.java:62)
  sun.reflect.DelegatingMethodAccessorImpl.invoke(DelegatingMethodAccessorImpl.java:43)
  java.lang.reflect.Method.invoke(Method.java:498)
  org.testng.internal.MethodInvocationHelper.invokeMethod(MethodInvocationHelper.java:131)
  org.testng.internal.Invoker.invokeMethod(Invoker.java:658)
  org.testng.internal.Invoker.invokeTestMethod(Invoker.java:792)
  org.testng.internal.Invoker.invokeTestMethods(Invoker.java:1103)
  org.testng.internal.TestMethodWorker.invokeTestMethods(TestMethodWorker.java:140)
  org.testng.internal.TestMethodWorker.run(TestMethodWorker.java:122)
  org.testng.TestRunner.privateRun(TestRunner.java:739)
  org.testng.TestRunner.run(TestRunner.java:589)
  org.testng.SuiteRunner.runTest(SuiteRunner.java:398)
  org.testng.SuiteRunner.runSequentially(SuiteRunner.java:392)
  org.testng.SuiteRunner.privateRun(SuiteRunner.java:354)
  org.testng.SuiteRunner.run(SuiteRunner.java:302)
  org.testng.SuiteRunnerWorker.runSuite(SuiteRunnerWorker.java:53)
  org.testng.SuiteRunnerWorker.run(SuiteRunnerWorker.java:96)
  org.testng.TestNG.runSuitesSequentially(TestNG.java:1145)
  org.testng.TestNG.runSuitesLocally(TestNG.java:1067)
  org.testng.TestNG.runSuites(TestNG.java:997)
  org.testng.TestNG.run(TestNG.java:965)
  org.apache.maven.surefire.testng.TestNGExecutor.run(TestNGExecutor.java:283)
  org.apache.maven.surefire.testng.TestNGXmlTestSuite.execute(TestNGXmlTestSuite.java:75)
  org.apache.maven.surefire.testng.TestNGProvider.invoke(TestNGProvider.java:120)
  org.apache.maven.surefire.booter.ForkedBooter.invokeProviderInSameClassLoader(ForkedBooter.java:384)
  org.apache.maven.surefire.booter.ForkedBooter.runSuitesInProcess(ForkedBooter.java:345)
  org.apache.maven.surefire.booter.ForkedBooter.execute(ForkedBooter.java:126)
  org.apache.maven.surefire.booter.ForkedBooter.main(ForkedBooter.java:418)
]]>
      </failure>

          </testcase>
            <testcase name="test03_reviewpass" time="61.813" classname="testcase.CreateMarginBid_02">
                <failure type="org.openqa.selenium.ElementNotInteractableException"
                  message="element not interactable
  (Session info: chrome=81.0.4044.122)
Build info: version: &apos;3.11.0&apos;, revision: &apos;e59cfb3&apos;, time: &apos;2018-03-11T20:26:55.152Z&apos;
System info: host: &apos;DESKTOP-SPO73RG&apos;, ip: &apos;172.18.18.220&apos;, os.name: &apos;Windows 10&apos;, os.arch: &apos;amd64&apos;, os.version: &apos;10.0&apos;, java.version: &apos;1.8.0_121&apos;
Driver info: org.openqa.selenium.chrome.ChromeDriver
Capabilities [{networkConnectionEnabled=false, chrome={chromedriverVersion=81.0.4044.69 (6813546031a4bc83f717a2ef7cd4ac6ec1199132-refs/branch-heads/4044@{#776}), userDataDir=C:\Windows\TEMP\scoped_dir23244_171127660}, timeouts={implicit=0, pageLoad=300000, script=30000}, pageLoadStrategy=normal, unhandledPromptBehavior=dismiss and notify, strictFileInteractability=false, platform=XP, proxy=Proxy(), goog:chromeOptions={debuggerAddress=localhost:37737}, acceptInsecureCerts=false, browserVersion=81.0.4044.122, browserName=chrome, javascriptEnabled=true, platformName=XP, setWindowRect=true, webauthn:virtualAuthenticators=true}]
Session ID: 94b55a6f413367662c7947919197284f"
              >
<![CDATA[org.openqa.selenium.ElementNotInteractableException: element not interactable
  (Session info: chrome=81.0.4044.122)
Build info: version: '3.11.0', revision: 'e59cfb3', time: '2018-03-11T20:26:55.152Z'
System info: host: 'DESKTOP-SPO73RG', ip: '172.18.18.220', os.name: 'Windows 10', os.arch: 'amd64', os.version: '10.0', java.version: '1.8.0_121'
Driver info: org.openqa.selenium.chrome.ChromeDriver
Capabilities [{networkConnectionEnabled=false, chrome={chromedriverVersion=81.0.4044.69 (6813546031a4bc83f717a2ef7cd4ac6ec1199132-refs/branch-heads/4044@{#776}), userDataDir=C:\Windows\TEMP\scoped_dir23244_171127660}, timeouts={implicit=0, pageLoad=300000, script=30000}, pageLoadStrategy=normal, unhandledPromptBehavior=dismiss and notify, strictFileInteractability=false, platform=XP, proxy=Proxy(), goog:chromeOptions={debuggerAddress=localhost:37737}, acceptInsecureCerts=false, browserVersion=81.0.4044.122, browserName=chrome, javascriptEnabled=true, platformName=XP, setWindowRect=true, webauthn:virtualAuthenticators=true}]
Session ID: 94b55a6f413367662c7947919197284f
  sun.reflect.NativeConstructorAccessorImpl.newInstance0(Native Method)
  sun.reflect.NativeConstructorAccessorImpl.newInstance(NativeConstructorAccessorImpl.java:62)
  sun.reflect.DelegatingConstructorAccessorImpl.newInstance(DelegatingConstructorAccessorImpl.java:45)
  java.lang.reflect.Constructor.newInstance(Constructor.java:423)
  org.openqa.selenium.remote.http.W3CHttpResponseCodec.createException(W3CHttpResponseCodec.java:185)
  org.openqa.selenium.remote.http.W3CHttpResponseCodec.decode(W3CHttpResponseCodec.java:120)
  org.openqa.selenium.remote.http.W3CHttpResponseCodec.decode(W3CHttpResponseCodec.java:49)
  org.openqa.selenium.remote.HttpCommandExecutor.execute(HttpCommandExecutor.java:164)
  org.openqa.selenium.remote.service.DriverCommandExecutor.execute(DriverCommandExecutor.java:82)
  org.openqa.selenium.remote.RemoteWebDriver.execute(RemoteWebDriver.java:646)
  org.openqa.selenium.remote.RemoteWebElement.execute(RemoteWebElement.java:275)
  org.openqa.selenium.remote.RemoteWebElement.click(RemoteWebElement.java:82)
  sun.reflect.GeneratedMethodAccessor1.invoke(Unknown Source)
  sun.reflect.DelegatingMethodAccessorImpl.invoke(DelegatingMethodAccessorImpl.java:43)
  java.lang.reflect.Method.invoke(Method.java:498)
  org.openqa.selenium.support.pagefactory.internal.LocatingElementHandler.invoke(LocatingElementHandler.java:51)
  com.sun.proxy.$Proxy5.click(Unknown Source)
  pagefactory.BiddingReviewFactory.setMenV2list(BiddingReviewFactory.java:39)
  pageobject.BiddingReviewObject.biddingreview_pass(BiddingReviewObject.java:32)
  utils.ReviewBid.biddingreview_pass(ReviewBid.java:30)
  testcase.CreateMarginBid_02.test03_reviewpass(CreateMarginBid_02.java:80)
  sun.reflect.NativeMethodAccessorImpl.invoke0(Native Method)
  sun.reflect.NativeMethodAccessorImpl.invoke(NativeMethodAccessorImpl.java:62)
  sun.reflect.DelegatingMethodAccessorImpl.invoke(DelegatingMethodAccessorImpl.java:43)
  java.lang.reflect.Method.invoke(Method.java:498)
  org.testng.internal.MethodInvocationHelper.invokeMethod(MethodInvocationHelper.java:131)
  org.testng.internal.Invoker.invokeMethod(Invoker.java:658)
  org.testng.internal.Invoker.invokeTestMethod(Invoker.java:792)
  org.testng.internal.Invoker.invokeTestMethods(Invoker.java:1103)
  org.testng.internal.TestMethodWorker.invokeTestMethods(TestMethodWorker.java:140)
  org.testng.internal.TestMethodWorker.run(TestMethodWorker.java:122)
  org.testng.TestRunner.privateRun(TestRunner.java:739)
  org.testng.TestRunner.run(TestRunner.java:589)
  org.testng.SuiteRunner.runTest(SuiteRunner.java:398)
  org.testng.SuiteRunner.runSequentially(SuiteRunner.java:392)
  org.testng.SuiteRunner.privateRun(SuiteRunner.java:354)
  org.testng.SuiteRunner.run(SuiteRunner.java:302)
  org.testng.SuiteRunnerWorker.runSuite(SuiteRunnerWorker.java:53)
  org.testng.SuiteRunnerWorker.run(SuiteRunnerWorker.java:96)
  org.testng.TestNG.runSuitesSequentially(TestNG.java:1145)
  org.testng.TestNG.runSuitesLocally(TestNG.java:1067)
  org.testng.TestNG.runSuites(TestNG.java:997)
  org.testng.TestNG.run(TestNG.java:965)
  org.apache.maven.surefire.testng.TestNGExecutor.run(TestNGExecutor.java:283)
  org.apache.maven.surefire.testng.TestNGXmlTestSuite.execute(TestNGXmlTestSuite.java:75)
  org.apache.maven.surefire.testng.TestNGProvider.invoke(TestNGProvider.java:120)
  org.apache.maven.surefire.booter.ForkedBooter.invokeProviderInSameClassLoader(ForkedBooter.java:384)
  org.apache.maven.surefire.booter.ForkedBooter.runSuitesInProcess(ForkedBooter.java:345)
  org.apache.maven.surefire.booter.ForkedBooter.execute(ForkedBooter.java:126)
  org.apache.maven.surefire.booter.ForkedBooter.main(ForkedBooter.java:418)
]]>
      </failure>

          </testcase>
            <testcase name="test04_buyerbid" time="38.793" classname="testcase.CreateMarginBid_02">
                <failure type="org.openqa.selenium.ElementNotInteractableException"
                  message="element not interactable
  (Session info: chrome=81.0.4044.122)
Build info: version: &apos;3.11.0&apos;, revision: &apos;e59cfb3&apos;, time: &apos;2018-03-11T20:26:55.152Z&apos;
System info: host: &apos;DESKTOP-SPO73RG&apos;, ip: &apos;172.18.18.220&apos;, os.name: &apos;Windows 10&apos;, os.arch: &apos;amd64&apos;, os.version: &apos;10.0&apos;, java.version: &apos;1.8.0_121&apos;
Driver info: org.openqa.selenium.chrome.ChromeDriver
Capabilities [{networkConnectionEnabled=false, chrome={chromedriverVersion=81.0.4044.69 (6813546031a4bc83f717a2ef7cd4ac6ec1199132-refs/branch-heads/4044@{#776}), userDataDir=C:\Windows\TEMP\scoped_dir12148_726235572}, timeouts={implicit=0, pageLoad=300000, script=30000}, pageLoadStrategy=normal, unhandledPromptBehavior=dismiss and notify, strictFileInteractability=false, platform=XP, proxy=Proxy(), goog:chromeOptions={debuggerAddress=localhost:37876}, acceptInsecureCerts=false, browserVersion=81.0.4044.122, browserName=chrome, javascriptEnabled=true, platformName=XP, setWindowRect=true, webauthn:virtualAuthenticators=true}]
Session ID: 003377f6a41930365c46ae9f0de1a37f"
              >
<![CDATA[org.openqa.selenium.ElementNotInteractableException: element not interactable
  (Session info: chrome=81.0.4044.122)
Build info: version: '3.11.0', revision: 'e59cfb3', time: '2018-03-11T20:26:55.152Z'
System info: host: 'DESKTOP-SPO73RG', ip: '172.18.18.220', os.name: 'Windows 10', os.arch: 'amd64', os.version: '10.0', java.version: '1.8.0_121'
Driver info: org.openqa.selenium.chrome.ChromeDriver
Capabilities [{networkConnectionEnabled=false, chrome={chromedriverVersion=81.0.4044.69 (6813546031a4bc83f717a2ef7cd4ac6ec1199132-refs/branch-heads/4044@{#776}), userDataDir=C:\Windows\TEMP\scoped_dir12148_726235572}, timeouts={implicit=0, pageLoad=300000, script=30000}, pageLoadStrategy=normal, unhandledPromptBehavior=dismiss and notify, strictFileInteractability=false, platform=XP, proxy=Proxy(), goog:chromeOptions={debuggerAddress=localhost:37876}, acceptInsecureCerts=false, browserVersion=81.0.4044.122, browserName=chrome, javascriptEnabled=true, platformName=XP, setWindowRect=true, webauthn:virtualAuthenticators=true}]
Session ID: 003377f6a41930365c46ae9f0de1a37f
  sun.reflect.NativeConstructorAccessorImpl.newInstance0(Native Method)
  sun.reflect.NativeConstructorAccessorImpl.newInstance(NativeConstructorAccessorImpl.java:62)
  sun.reflect.DelegatingConstructorAccessorImpl.newInstance(DelegatingConstructorAccessorImpl.java:45)
  java.lang.reflect.Constructor.newInstance(Constructor.java:423)
  org.openqa.selenium.remote.http.W3CHttpResponseCodec.createException(W3CHttpResponseCodec.java:185)
  org.openqa.selenium.remote.http.W3CHttpResponseCodec.decode(W3CHttpResponseCodec.java:120)
  org.openqa.selenium.remote.http.W3CHttpResponseCodec.decode(W3CHttpResponseCodec.java:49)
  org.openqa.selenium.remote.HttpCommandExecutor.execute(HttpCommandExecutor.java:164)
  org.openqa.selenium.remote.service.DriverCommandExecutor.execute(DriverCommandExecutor.java:82)
  org.openqa.selenium.remote.RemoteWebDriver.execute(RemoteWebDriver.java:646)
  org.openqa.selenium.remote.RemoteWebElement.execute(RemoteWebElement.java:275)
  org.openqa.selenium.remote.RemoteWebElement.click(RemoteWebElement.java:82)
  sun.reflect.GeneratedMethodAccessor1.invoke(Unknown Source)
  sun.reflect.DelegatingMethodAccessorImpl.invoke(DelegatingMethodAccessorImpl.java:43)
  java.lang.reflect.Method.invoke(Method.java:498)
  org.openqa.selenium.support.pagefactory.internal.LocatingElementHandler.invoke(LocatingElementHandler.java:51)
  com.sun.proxy.$Proxy5.click(Unknown Source)
  pagefactory.Create_MarginorderFactory.setCreatebid2responsebotton(Create_MarginorderFactory.java:491)
  pageobject.PlaceBidObject.PlaceBidwithadr(PlaceBidObject.java:38)
  utils.BuyerMarginbid.PlaceBidwithadr(BuyerMarginbid.java:30)
  testcase.CreateMarginBid_02.test04_buyerbid(CreateMarginBid_02.java:88)
  sun.reflect.NativeMethodAccessorImpl.invoke0(Native Method)
  sun.reflect.NativeMethodAccessorImpl.invoke(NativeMethodAccessorImpl.java:62)
  sun.reflect.DelegatingMethodAccessorImpl.invoke(DelegatingMethodAccessorImpl.java:43)
  java.lang.reflect.Method.invoke(Method.java:498)
  org.testng.internal.MethodInvocationHelper.invokeMethod(MethodInvocationHelper.java:131)
  org.testng.internal.Invoker.invokeMethod(Invoker.java:658)
  org.testng.internal.Invoker.invokeTestMethod(Invoker.java:792)
  org.testng.internal.Invoker.invokeTestMethods(Invoker.java:1103)
  org.testng.internal.TestMethodWorker.invokeTestMethods(TestMethodWorker.java:140)
  org.testng.internal.TestMethodWorker.run(TestMethodWorker.java:122)
  org.testng.TestRunner.privateRun(TestRunner.java:739)
  org.testng.TestRunner.run(TestRunner.java:589)
  org.testng.SuiteRunner.runTest(SuiteRunner.java:398)
  org.testng.SuiteRunner.runSequentially(SuiteRunner.java:392)
  org.testng.SuiteRunner.privateRun(SuiteRunner.java:354)
  org.testng.SuiteRunner.run(SuiteRunner.java:302)
  org.testng.SuiteRunnerWorker.runSuite(SuiteRunnerWorker.java:53)
  org.testng.SuiteRunnerWorker.run(SuiteRunnerWorker.java:96)
  org.testng.TestNG.runSuitesSequentially(TestNG.java:1145)
  org.testng.TestNG.runSuitesLocally(TestNG.java:1067)
  org.testng.TestNG.runSuites(TestNG.java:997)
  org.testng.TestNG.run(TestNG.java:965)
  org.apache.maven.surefire.testng.TestNGExecutor.run(TestNGExecutor.java:283)
  org.apache.maven.surefire.testng.TestNGXmlTestSuite.execute(TestNGXmlTestSuite.java:75)
  org.apache.maven.surefire.testng.TestNGProvider.invoke(TestNGProvider.java:120)
  org.apache.maven.surefire.booter.ForkedBooter.invokeProviderInSameClassLoader(ForkedBooter.java:384)
  org.apache.maven.surefire.booter.ForkedBooter.runSuitesInProcess(ForkedBooter.java:345)
  org.apache.maven.surefire.booter.ForkedBooter.execute(ForkedBooter.java:126)
  org.apache.maven.surefire.booter.ForkedBooter.main(ForkedBooter.java:418)
]]>
      </failure>

          </testcase>
  
  
            <testcase name="test01_loginfront_sell" time="33.311" classname="testcase.CreateMarginBid_02" />
      
</testsuite>
